<?xml version="1.0" encoding="UTF-8"?>
<testng-results skipped="0" failed="0" ignored="7" total="10" passed="3">
  <reporter-output>
    <line>
      <![CDATA[Please fill in the following fields: 
---Zip code in correct formatte
--Branch Name
--Address1
--ZipCode
--country name
--state name
--city name
]]>
    </line>
  </reporter-output>
  <suite name="grid suite" duration-ms="63004" started-at="2018-10-27T07:30:33Z" finished-at="2018-10-27T07:31:36Z">
    <groups>
      <group name="cancel">
        <method signature="TestExecution.branchCreationCancel()[pri:7, instance:srssprojects.keximbank.GridExecution@1bce4f0a]" name="branchCreationCancel" class="srssprojects.keximbank.TestExecution"/>
      </group> <!-- cancel -->
      <group name="valid">
        <method signature="TestExecution.branchCreationReset()[pri:6, instance:srssprojects.keximbank.GridExecution@553f17c]" name="branchCreationReset" class="srssprojects.keximbank.TestExecution"/>
      </group> <!-- valid -->
      <group name="invalid">
        <method signature="TestExecution.branchCreationCancel()[pri:7, instance:srssprojects.keximbank.GridExecution@1bce4f0a]" name="branchCreationCancel" class="srssprojects.keximbank.TestExecution"/>
        <method signature="TestExecution.createNewBranchWithBlankData()[pri:5, instance:srssprojects.keximbank.GridExecution@1bce4f0a]" name="createNewBranchWithBlankData" class="srssprojects.keximbank.TestExecution"/>
      </group> <!-- invalid -->
      <group name="create">
        <method signature="TestExecution.createNewBranchWithBlankData()[pri:5, instance:srssprojects.keximbank.GridExecution@1bce4f0a]" name="createNewBranchWithBlankData" class="srssprojects.keximbank.TestExecution"/>
      </group> <!-- create -->
      <group name="reset">
        <method signature="TestExecution.branchCreationReset()[pri:6, instance:srssprojects.keximbank.GridExecution@553f17c]" name="branchCreationReset" class="srssprojects.keximbank.TestExecution"/>
      </group> <!-- reset -->
      <group name="branch">
        <method signature="TestExecution.branchCreationCancel()[pri:7, instance:srssprojects.keximbank.GridExecution@1bce4f0a]" name="branchCreationCancel" class="srssprojects.keximbank.TestExecution"/>
        <method signature="TestExecution.createNewBranchWithBlankData()[pri:5, instance:srssprojects.keximbank.GridExecution@1bce4f0a]" name="createNewBranchWithBlankData" class="srssprojects.keximbank.TestExecution"/>
        <method signature="TestExecution.branchCreationReset()[pri:6, instance:srssprojects.keximbank.GridExecution@553f17c]" name="branchCreationReset" class="srssprojects.keximbank.TestExecution"/>
      </group> <!-- branch -->
    </groups>
    <test name="neelima node" duration-ms="52980" started-at="2018-10-27T07:30:33Z" finished-at="2018-10-27T07:31:26Z">
      <class name="srssprojects.keximbank.GridExecution">
        <test-method status="PASS" signature="browserLaunch(java.lang.String, java.lang.String, java.lang.String, java.lang.String)[pri:0, instance:srssprojects.keximbank.GridExecution@553f17c]" name="browserLaunch" is-config="true" duration-ms="15803" started-at="2018-10-27T07:30:33Z" finished-at="2018-10-27T07:30:49Z">
          <params>
            <param index="0">
              <value>
                <![CDATA[http://srssprojects.in]]>
              </value>
            </param>
            <param index="1">
              <value>
                <![CDATA[chrome]]>
              </value>
            </param>
            <param index="2">
              <value>
                <![CDATA[http://192.168.43.188:32397/wd/hub]]>
              </value>
            </param>
            <param index="3">
              <value>
                <![CDATA[windows]]>
              </value>
            </param>
          </params>
          <reporter-output>
          </reporter-output>
        </test-method> <!-- browserLaunch -->
        <test-method status="PASS" signature="loginTest()[pri:0, instance:srssprojects.keximbank.GridExecution@553f17c]" name="loginTest" is-config="true" duration-ms="17738" started-at="2018-10-27T07:30:49Z" finished-at="2018-10-27T07:31:06Z">
          <reporter-output>
          </reporter-output>
        </test-method> <!-- loginTest -->
        <test-method status="PASS" signature="branchCreationReset()[pri:6, instance:srssprojects.keximbank.GridExecution@553f17c]" name="branchCreationReset" duration-ms="11249" started-at="2018-10-27T07:31:06Z" finished-at="2018-10-27T07:31:18Z">
          <reporter-output>
          </reporter-output>
        </test-method> <!-- branchCreationReset -->
        <test-method status="PASS" signature="logoutTest()[pri:0, instance:srssprojects.keximbank.GridExecution@553f17c]" name="logoutTest" is-config="true" duration-ms="7791" started-at="2018-10-27T07:31:18Z" finished-at="2018-10-27T07:31:25Z">
          <reporter-output>
          </reporter-output>
        </test-method> <!-- logoutTest -->
        <test-method status="PASS" signature="tearDown()[pri:0, instance:srssprojects.keximbank.GridExecution@553f17c]" name="tearDown" is-config="true" duration-ms="378" started-at="2018-10-27T07:31:25Z" finished-at="2018-10-27T07:31:26Z">
          <reporter-output>
          </reporter-output>
        </test-method> <!-- tearDown -->
      </class> <!-- srssprojects.keximbank.GridExecution -->
    </test> <!-- neelima node -->
    <test name="surya node" duration-ms="63004" started-at="2018-10-27T07:30:33Z" finished-at="2018-10-27T07:31:36Z">
      <class name="srssprojects.keximbank.GridExecution">
        <test-method status="PASS" signature="browserLaunch(java.lang.String, java.lang.String, java.lang.String, java.lang.String)[pri:0, instance:srssprojects.keximbank.GridExecution@1bce4f0a]" name="browserLaunch" is-config="true" duration-ms="14443" started-at="2018-10-27T07:30:33Z" finished-at="2018-10-27T07:30:47Z">
          <params>
            <param index="0">
              <value>
                <![CDATA[http://srssprojects.in]]>
              </value>
            </param>
            <param index="1">
              <value>
                <![CDATA[chrome]]>
              </value>
            </param>
            <param index="2">
              <value>
                <![CDATA[http://192.168.43.141:37455/wd/hub]]>
              </value>
            </param>
            <param index="3">
              <value>
                <![CDATA[windows]]>
              </value>
            </param>
          </params>
          <reporter-output>
          </reporter-output>
        </test-method> <!-- browserLaunch -->
        <test-method status="PASS" signature="loginTest()[pri:0, instance:srssprojects.keximbank.GridExecution@1bce4f0a]" name="loginTest" is-config="true" duration-ms="17259" started-at="2018-10-27T07:30:47Z" finished-at="2018-10-27T07:31:04Z">
          <reporter-output>
          </reporter-output>
        </test-method> <!-- loginTest -->
        <test-method status="PASS" signature="createNewBranchWithBlankData()[pri:5, instance:srssprojects.keximbank.GridExecution@1bce4f0a]" name="createNewBranchWithBlankData" duration-ms="3820" started-at="2018-10-27T07:31:04Z" finished-at="2018-10-27T07:31:08Z">
          <reporter-output>
            <line>
              <![CDATA[Please fill in the following fields: 
---Zip code in correct formatte
--Branch Name
--Address1
--ZipCode
--country name
--state name
--city name
]]>
            </line>
          </reporter-output>
        </test-method> <!-- createNewBranchWithBlankData -->
        <test-method status="PASS" signature="logoutTest()[pri:0, instance:srssprojects.keximbank.GridExecution@1bce4f0a]" name="logoutTest" is-config="true" duration-ms="7684" started-at="2018-10-27T07:31:08Z" finished-at="2018-10-27T07:31:16Z">
          <reporter-output>
          </reporter-output>
        </test-method> <!-- logoutTest -->
        <test-method status="PASS" signature="loginTest()[pri:0, instance:srssprojects.keximbank.GridExecution@1bce4f0a]" name="loginTest" is-config="true" duration-ms="6078" started-at="2018-10-27T07:31:16Z" finished-at="2018-10-27T07:31:22Z">
          <reporter-output>
          </reporter-output>
        </test-method> <!-- loginTest -->
        <test-method status="PASS" signature="branchCreationCancel()[pri:7, instance:srssprojects.keximbank.GridExecution@1bce4f0a]" name="branchCreationCancel" duration-ms="3970" started-at="2018-10-27T07:31:22Z" finished-at="2018-10-27T07:31:26Z">
          <reporter-output>
          </reporter-output>
        </test-method> <!-- branchCreationCancel -->
        <test-method status="PASS" signature="logoutTest()[pri:0, instance:srssprojects.keximbank.GridExecution@1bce4f0a]" name="logoutTest" is-config="true" duration-ms="7602" started-at="2018-10-27T07:31:26Z" finished-at="2018-10-27T07:31:34Z">
          <reporter-output>
          </reporter-output>
        </test-method> <!-- logoutTest -->
        <test-method status="PASS" signature="tearDown()[pri:0, instance:srssprojects.keximbank.GridExecution@1bce4f0a]" name="tearDown" is-config="true" duration-ms="2102" started-at="2018-10-27T07:31:34Z" finished-at="2018-10-27T07:31:36Z">
          <reporter-output>
          </reporter-output>
        </test-method> <!-- tearDown -->
      </class> <!-- srssprojects.keximbank.GridExecution -->
    </test> <!-- surya node -->
  </suite> <!-- grid suite -->
</testng-results>
