<?xml version="1.0" encoding="UTF-8"?>
<!-- Generated by org.testng.reporters.JUnitXMLReporter -->
<testsuite hostname="UdaySurya-PC" ignored="4" name="neelima node" tests="1" failures="0" timestamp="27 Oct 2018 07:31:26 GMT" time="52.98" errors="0">
  <testcase name="branchCreationReset" time="11.249" classname="srssprojects.keximbank.TestExecution"/>
  <testcase name="createNewBranch" time="0.0" classname="srssprojects.keximbank.TestExecution">
    <ignored/>
  </testcase> <!-- createNewBranch -->
  <testcase name="createNewBranchWithDuplicateData" time="0.0" classname="srssprojects.keximbank.TestExecution">
    <ignored/>
  </testcase> <!-- createNewBranchWithDuplicateData -->
  <testcase name="createNewBranchWithBlankData" time="0.0" classname="srssprojects.keximbank.TestExecution">
    <ignored/>
  </testcase> <!-- createNewBranchWithBlankData -->
  <testcase name="branchCreationCancel" time="0.0" classname="srssprojects.keximbank.TestExecution">
    <ignored/>
  </testcase> <!-- branchCreationCancel -->
</testsuite> <!-- neelima node -->
