<?xml version="1.0" encoding="UTF-8"?>
<!-- Generated by org.testng.reporters.JUnitXMLReporter -->
<testsuite hostname="UdaySurya-PC" ignored="3" name="surya node" tests="2" failures="0" timestamp="27 Oct 2018 07:31:36 GMT" time="63.004" errors="0">
  <testcase name="createNewBranchWithBlankData" time="3.82" classname="srssprojects.keximbank.TestExecution"/>
  <testcase name="branchCreationCancel" time="3.97" classname="srssprojects.keximbank.TestExecution"/>
  <testcase name="createNewBranch" time="0.0" classname="srssprojects.keximbank.TestExecution">
    <ignored/>
  </testcase> <!-- createNewBranch -->
  <testcase name="createNewBranchWithDuplicateData" time="0.0" classname="srssprojects.keximbank.TestExecution">
    <ignored/>
  </testcase> <!-- createNewBranchWithDuplicateData -->
  <testcase name="branchCreationReset" time="0.0" classname="srssprojects.keximbank.TestExecution">
    <ignored/>
  </testcase> <!-- branchCreationReset -->
</testsuite> <!-- surya node -->
